<?xml version="1.0" encoding="UTF-8"?>
<testsuite xmlns:xsi="http://www.w3.org/2001/XMLSchema-instance" xsi:noNamespaceSchemaLocation="https://maven.apache.org/surefire/maven-surefire-plugin/xsd/surefire-test-report-3.0.xsd" version="3.0" name="com.mingmou.MingmouApplicationTests" time="4.486" tests="1" errors="0" skipped="0" failures="0">
  <properties>
[...]
</properties>
  <testcase name="contextLoads" classname="com.mingmou.MingmouApplicationTests" time="1.041">
    <system-out><![CDATA[22:53:43.876 [main] INFO org.springframework.test.context.support.AnnotationConfigContextLoaderUtils -- Could not detect default configuration classes for test class [com.mingmou.MingmouApplicationTests]: MingmouApplicationTests does not declare any static, non-private, non-final, nested classes annotated with @Configuration.
22:53:43.985 [main] INFO org.springframework.boot.test.context.SpringBootTestContextBootstrapper -- Found @SpringBootConfiguration com.mingmou.MingmouApplication for test class com.mingmou.MingmouApplicationTests
22:53:44.195 [main] INFO org.springframework.boot.devtools.restart.RestartApplicationListener -- Restart disabled due to context in which it is running

  .   ____          _            __ _ _
 /\\ / ___'_ __ _ _(_)_ __  __ _ \ \ \ \
( ( )\___ | '_ | '_| | '_ \/ _` | \ \ \ \
 \\/  ___)| |_)| | | | | || (_| |  ) ) ) )
  '  |____| .__|_| |_|_| |_\__, | / / / /
 =========|_|==============|___/=/_/_/_/
 :: Spring Boot ::                (v3.2.5)

2024-05-07T22:53:44.486+08:00  INFO 26780 --- [mingmou] [           main] com.mingmou.MingmouApplicationTests      : Starting MingmouApplicationTests using Java 17.0.9 with PID 26780 (started by 86130 in C:\Users\86130\Desktop\机械狗\mingmou YUN)
2024-05-07T22:53:44.488+08:00  INFO 26780 --- [mingmou] [           main] com.mingmou.MingmouApplicationTests      : No active profile set, falling back to 1 default profile: "default"
Logging initialized using 'class org.apache.ibatis.logging.stdout.StdOutImpl' adapter.
2024-05-07T22:53:46.459+08:00  INFO 26780 --- [mingmou] [           main] o.s.b.a.w.s.WelcomePageHandlerMapping    : Adding welcome page: class path resource [static/index.html]
2024-05-07T22:53:47.117+08:00  INFO 26780 --- [mingmou] [           main] com.mingmou.MingmouApplicationTests      : Started MingmouApplicationTests in 2.936 seconds (process running for 4.08)
]]></system-out>
  </testcase>
</testsuite>